<?xml version="1.0" encoding="UTF-8"?>
<!-- Generated by org.testng.reporters.JUnitReportReporter -->
<testsuite hostname="LAPTOP-43EPU8GR" failures="0" tests="1" name="com.framework.testcases.LoginTestOrange" time="5.570" errors="0" timestamp="16 Apr 2021 21:44:06 GMT" skipped="0">
  <testcase classname="com.framework.testcases.LoginTestOrange" name="loginapp" time="5.570"/>
</testsuite> <!-- com.framework.testcases.LoginTestOrange -->
